1517346477.594587 client started (38067): version 2.6, socket /private/tmp/tmux-501/default, protocol 8
1517346477.594622 on Darwin 16.7.0 Darwin Kernel Version 16.7.0: Thu Jun 15 17:36:27 PDT 2017; root:xnu-3789.70.16~2/RELEASE_X86_64; libevent 2.1.8-stable (select)
1517346477.594659 socket is /private/tmp/tmux-501/default
1517346477.594674 trying connect
1517346477.594757 add peer 0x7f9344801000: 7 (0x0)
1517346477.595845 sending message 100 to peer 0x7f9344801000 (4 bytes)
1517346477.595860 sending message 101 to peer 0x7f9344801000 (16 bytes)
1517346477.595864 sending message 102 to peer 0x7f9344801000 (13 bytes)
1517346477.595868 sending message 108 to peer 0x7f9344801000 (29 bytes)
1517346477.595878 sending message 104 to peer 0x7f9344801000 (0 bytes)
1517346477.595881 sending message 107 to peer 0x7f9344801000 (4 bytes)
1517346477.595885 sending message 105 to peer 0x7f9344801000 (23 bytes)
1517346477.595888 sending message 105 to peer 0x7f9344801000 (38 bytes)
1517346477.595892 sending message 105 to peer 0x7f9344801000 (46 bytes)
1517346477.595895 sending message 105 to peer 0x7f9344801000 (16 bytes)
1517346477.595898 sending message 105 to peer 0x7f9344801000 (21 bytes)
1517346477.595902 sending message 105 to peer 0x7f9344801000 (52 bytes)
1517346477.595905 sending message 105 to peer 0x7f9344801000 (57 bytes)
1517346477.595908 sending message 105 to peer 0x7f9344801000 (23 bytes)
1517346477.595912 sending message 105 to peer 0x7f9344801000 (76 bytes)
1517346477.595915 sending message 105 to peer 0x7f9344801000 (27 bytes)
1517346477.595918 sending message 105 to peer 0x7f9344801000 (52 bytes)
1517346477.595922 sending message 105 to peer 0x7f9344801000 (60 bytes)
1517346477.595925 sending message 105 to peer 0x7f9344801000 (22 bytes)
1517346477.595928 sending message 105 to peer 0x7f9344801000 (22 bytes)
1517346477.595932 sending message 105 to peer 0x7f9344801000 (14 bytes)
1517346477.595935 sending message 105 to peer 0x7f9344801000 (20 bytes)
1517346477.595938 sending message 105 to peer 0x7f9344801000 (30 bytes)
1517346477.595942 sending message 105 to peer 0x7f9344801000 (66 bytes)
1517346477.595945 sending message 105 to peer 0x7f9344801000 (38 bytes)
1517346477.595948 sending message 105 to peer 0x7f9344801000 (43 bytes)
1517346477.595952 sending message 105 to peer 0x7f9344801000 (27 bytes)
1517346477.595955 sending message 105 to peer 0x7f9344801000 (449 bytes)
1517346477.595959 sending message 105 to peer 0x7f9344801000 (18 bytes)
1517346477.595962 sending message 105 to peer 0x7f9344801000 (33 bytes)
1517346477.595965 sending message 105 to peer 0x7f9344801000 (20 bytes)
1517346477.595969 sending message 105 to peer 0x7f9344801000 (17 bytes)
1517346477.595972 sending message 105 to peer 0x7f9344801000 (22 bytes)
1517346477.595975 sending message 105 to peer 0x7f9344801000 (20 bytes)
1517346477.595979 sending message 105 to peer 0x7f9344801000 (14 bytes)
1517346477.595982 sending message 105 to peer 0x7f9344801000 (14 bytes)
1517346477.595985 sending message 105 to peer 0x7f9344801000 (35 bytes)
1517346477.595989 sending message 105 to peer 0x7f9344801000 (22 bytes)
1517346477.595992 sending message 105 to peer 0x7f9344801000 (19 bytes)
1517346477.595995 sending message 105 to peer 0x7f9344801000 (28 bytes)
1517346477.595999 sending message 105 to peer 0x7f9344801000 (14 bytes)
1517346477.596002 sending message 105 to peer 0x7f9344801000 (21 bytes)
1517346477.596005 sending message 105 to peer 0x7f9344801000 (8 bytes)
1517346477.596009 sending message 105 to peer 0x7f9344801000 (61 bytes)
1517346477.596012 sending message 105 to peer 0x7f9344801000 (17 bytes)
1517346477.596015 sending message 105 to peer 0x7f9344801000 (90 bytes)
1517346477.596019 sending message 105 to peer 0x7f9344801000 (24 bytes)
1517346477.596022 sending message 105 to peer 0x7f9344801000 (24 bytes)
1517346477.596025 sending message 105 to peer 0x7f9344801000 (24 bytes)
1517346477.596029 sending message 105 to peer 0x7f9344801000 (17 bytes)
1517346477.596032 sending message 105 to peer 0x7f9344801000 (20 bytes)
1517346477.596035 sending message 105 to peer 0x7f9344801000 (22 bytes)
1517346477.596048 sending message 105 to peer 0x7f9344801000 (17 bytes)
1517346477.596052 sending message 105 to peer 0x7f9344801000 (15 bytes)
1517346477.596055 sending message 106 to peer 0x7f9344801000 (0 bytes)
1517346477.596061 sending message 200 to peer 0x7f9344801000 (4 bytes)
1517346477.596064 client loop enter
1517346477.596440 peer 0x7f9344801000 message 211
1517346477.596462 peer 0x7f9344801000 message 203
1517346477.596467 client loop exit
